app/build/intermediates/manifest_merge_blame_file/debug/manifest-merger-blame-debug-report.txt
1<?xml version="1.0" encoding="utf-8"?>
2<manifest xmlns:android="http://schemas.android.com/apk/res/android"
3    package="com.example.myvocabularybuilder"
4    android:versionCode="1"
5    android:versionName="1.0" >
6
7    <uses-sdk
8        android:minSdkVersion="23"
8-->src/main/AndroidManifest.xml
9        android:targetSdkVersion="30" />
9-->src/main/AndroidManifest.xml
10
11    <uses-permission android:name="android.permission.READ_EXTERNAL_STORAGE" />
11-->src/main/AndroidManifest.xml:5:5-96
11-->src/main/AndroidManifest.xml:5:22-77
12
13    <application
13-->src/main/AndroidManifest.xml:7:5-27:19
14        android:allowBackup="true"
14-->src/main/AndroidManifest.xml:8:9-35
15        android:appComponentFactory="androidx.core.app.CoreComponentFactory"
15-->[androidx.core:core:1.5.0] AndroidManifest.xml:24:18-86
16        android:debuggable="true"
17        android:extractNativeLibs="false"
18        android:icon="@mipmap/ic_launcher"
18-->src/main/AndroidManifest.xml:9:9-43
19        android:label="@string/app_name"
19-->src/main/AndroidManifest.xml:10:9-41
20        android:roundIcon="@mipmap/ic_launcher_round"
20-->src/main/AndroidManifest.xml:11:9-54
21        android:supportsRtl="true"
21-->src/main/AndroidManifest.xml:12:9-35
22        android:theme="@style/Theme.MyVocabularyBuilder" >
22-->src/main/AndroidManifest.xml:13:9-57
23        <receiver
23-->src/main/AndroidManifest.xml:14:9-73
24            android:name="com.example.myvocabularybuilder.Alarmreceiver"
24-->src/main/AndroidManifest.xml:14:19-48
25            android:enabled="true" />
25-->src/main/AndroidManifest.xml:14:49-71
26        <receiver
26-->src/main/AndroidManifest.xml:15:9-19:20
27            android:name="com.example.myvocabularybuilder.BootReceiver"
27-->src/main/AndroidManifest.xml:15:19-47
28            android:enabled="true" >
28-->src/main/AndroidManifest.xml:15:48-70
29            <intent-filter>
29-->src/main/AndroidManifest.xml:16:13-18:29
30                <action android:name="android.intent.action.BOOT_COMPLETED" />
30-->src/main/AndroidManifest.xml:17:17-78
30-->src/main/AndroidManifest.xml:17:25-76
31            </intent-filter>
32        </receiver>
33
34        <activity android:name="com.example.myvocabularybuilder.MainActivity" >
34-->src/main/AndroidManifest.xml:20:9-26:20
34-->src/main/AndroidManifest.xml:20:19-47
35            <intent-filter>
35-->src/main/AndroidManifest.xml:21:13-25:29
36                <action android:name="android.intent.action.MAIN" />
36-->src/main/AndroidManifest.xml:22:17-69
36-->src/main/AndroidManifest.xml:22:25-66
37
38                <category android:name="android.intent.category.LAUNCHER" />
38-->src/main/AndroidManifest.xml:24:17-77
38-->src/main/AndroidManifest.xml:24:27-74
39            </intent-filter>
40        </activity>
41    </application>
42
43</manifest>